\BOOKMARK [0][-]{chapter*.3}{Abstract}{}% 1
\BOOKMARK [0][-]{chapter*.4}{Resum}{}% 2
\BOOKMARK [0][-]{chapter*.5}{Resumen}{}% 3
\BOOKMARK [0][-]{section*.6}{Contents}{}% 4
\BOOKMARK [0][-]{chapter*.7}{List of Symbols}{}% 5
\BOOKMARK [0][-]{section*.8}{List of Figures}{}% 6
\BOOKMARK [0][-]{section*.9}{List of Tables}{}% 7
\BOOKMARK [0][-]{chapter.1}{Introduction}{}% 8
\BOOKMARK [1][-]{section.1.1}{Motivations and The GiantSteps Project}{chapter.1}% 9
\BOOKMARK [1][-]{section.1.2}{Thesis Outline}{chapter.1}% 10
\BOOKMARK [0][-]{chapter.2}{A Musicological Overview of Electronic Dance Music}{}% 11
\BOOKMARK [1][-]{section.2.1}{House}{chapter.2}% 12
\BOOKMARK [1][-]{section.2.2}{Techno}{chapter.2}% 13
\BOOKMARK [1][-]{section.2.3}{Jungle and Drum \217n\220 Bass}{chapter.2}% 14
\BOOKMARK [1][-]{section.2.4}{Warp Records and Artificial Intelligence}{chapter.2}% 15
\BOOKMARK [0][-]{chapter.3}{Generative Symbolic Music}{}% 16
\BOOKMARK [1][-]{section.3.1}{Introduction}{chapter.3}% 17
\BOOKMARK [1][-]{section.3.2}{Algorithmic Composition Techniques}{chapter.3}% 18
\BOOKMARK [2][-]{subsection.3.2.1}{Stochastic Processes}{section.3.2}% 19
\BOOKMARK [2][-]{subsection.3.2.2}{Formal Grammars}{section.3.2}% 20
\BOOKMARK [2][-]{subsection.3.2.3}{Genetic Algorithms}{section.3.2}% 21
\BOOKMARK [1][-]{section.3.3}{Symbolic Rhythm Generation}{chapter.3}% 22
\BOOKMARK [2][-]{subsection.3.3.1}{Representation}{section.3.3}% 23
\BOOKMARK [2][-]{subsection.3.3.2}{Measuring Rhythmic Similarity}{section.3.3}% 24
\BOOKMARK [1][-]{section.3.4}{A Genetic Algorithm based on Similarity}{chapter.3}% 25
\BOOKMARK [2][-]{subsection.3.4.1}{Generative Rhythmic Systems}{section.3.4}% 26
\BOOKMARK [2][-]{subsection.3.4.2}{Developing a Genetic Algorithm that can Generate Rhythm}{section.3.4}% 27
\BOOKMARK [2][-]{subsection.3.4.3}{Listener Evaluation \046 Discussion}{section.3.4}% 28
\BOOKMARK [2][-]{subsection.3.4.4}{Results}{section.3.4}% 29
\BOOKMARK [2][-]{subsection.3.4.5}{Improving the System - Adding More Features}{section.3.4}% 30
\BOOKMARK [2][-]{subsection.3.4.6}{Conclusions and Closing Remarks}{section.3.4}% 31
\BOOKMARK [0][-]{chapter.4}{State of the Art in Sampling-Based Composition}{}% 32
\BOOKMARK [1][-]{section.4.1}{Artistic Context}{chapter.4}% 33
\BOOKMARK [2][-]{subsection.4.1.1}{Musique Concr\350te and Elektronische Musik}{section.4.1}% 34
\BOOKMARK [2][-]{subsection.4.1.2}{Granular Synthesis of Microsound}{section.4.1}% 35
\BOOKMARK [2][-]{subsection.4.1.3}{Bring the Noise - Hip Hop Culture and the Birth of the Breakbeat}{section.4.1}% 36
\BOOKMARK [2][-]{subsection.4.1.4}{Plunderphonics and Metamusic}{section.4.1}% 37
\BOOKMARK [1][-]{section.4.2}{Concatenative Synthesis}{chapter.4}% 38
\BOOKMARK [1][-]{section.4.3}{Survey of Concatenative Synthesis Systems}{chapter.4}% 39
\BOOKMARK [2][-]{subsection.4.3.1}{Unit Selection Synthesis of Speech}{section.4.3}% 40
\BOOKMARK [2][-]{subsection.4.3.2}{Musical Concatenative Synthesis}{section.4.3}% 41
\BOOKMARK [0][-]{chapter.5}{Specifying and Exploring Concatenative Synthesis}{}% 42
\BOOKMARK [1][-]{section.5.1}{Introduction}{chapter.5}% 43
\BOOKMARK [1][-]{section.5.2}{Unit Decomposition}{chapter.5}% 44
\BOOKMARK [2][-]{subsection.5.2.1}{Framewise Segmentation}{section.5.2}% 45
\BOOKMARK [2][-]{subsection.5.2.2}{Onset Detection for Unit Decomposition}{section.5.2}% 46
\BOOKMARK [2][-]{subsection.5.2.3}{Future Directions - Mixing and Source Separation}{section.5.2}% 47
\BOOKMARK [1][-]{section.5.3}{Describing Sounds with Features}{chapter.5}% 48
\BOOKMARK [2][-]{subsection.5.3.1}{Temporal Descriptors}{section.5.3}% 49
\BOOKMARK [2][-]{subsection.5.3.2}{Spectral and Timbral Descriptors}{section.5.3}% 50
\BOOKMARK [2][-]{subsection.5.3.3}{Musical Specific Descriptors}{section.5.3}% 51
\BOOKMARK [2][-]{subsection.5.3.4}{Feature Combination and Evaluation}{section.5.3}% 52
\BOOKMARK [1][-]{section.5.4}{Combining Sounds Algorithmically - Unit Selection}{chapter.5}% 53
\BOOKMARK [2][-]{subsection.5.4.1}{Linear Search}{section.5.4}% 54
\BOOKMARK [2][-]{subsection.5.4.2}{Unit Selection with Viterbi Decoding of Hidden Markov Models}{section.5.4}% 55
\BOOKMARK [2][-]{subsection.5.4.3}{Constraint Satisfaction}{section.5.4}% 56
\BOOKMARK [1][-]{section.5.5}{Extensions to Hidden Markov Model-Based Unit Selection}{chapter.5}% 57
\BOOKMARK [2][-]{subsection.5.5.1}{Markov Chains}{section.5.5}% 58
\BOOKMARK [2][-]{subsection.5.5.2}{Hidden Markov Models}{section.5.5}% 59
\BOOKMARK [2][-]{subsection.5.5.3}{The Viterbi Algorithm}{section.5.5}% 60
\BOOKMARK [2][-]{subsection.5.5.4}{HMMs in Musical Applications}{section.5.5}% 61
\BOOKMARK [2][-]{subsection.5.5.5}{Adjusting Viterbi to Handle Unit Selection in Concatenative Synthesis}{section.5.5}% 62
\BOOKMARK [2][-]{subsection.5.5.6}{Exploring Alternatives in HMMs}{section.5.5}% 63
\BOOKMARK [2][-]{subsection.5.5.7}{Pre Pruning Strategies}{section.5.5}% 64
\BOOKMARK [2][-]{subsection.5.5.8}{Unit Transformations}{section.5.5}% 65
\BOOKMARK [1][-]{section.5.6}{PyConcat - Python Framework for Concatenative Synthesis}{chapter.5}% 66
\BOOKMARK [2][-]{subsection.5.6.1}{Onset Detection and Segmentation}{section.5.6}% 67
\BOOKMARK [2][-]{subsection.5.6.2}{Feature Extraction}{section.5.6}% 68
\BOOKMARK [2][-]{subsection.5.6.3}{Unit Selection and Concatenation}{section.5.6}% 69
\BOOKMARK [0][-]{chapter.6}{Implementing User-Tailored Concatenative Synthesis Systems for Electronic Music}{}% 70
\BOOKMARK [1][-]{section.6.1}{Introduction}{chapter.6}% 71
\BOOKMARK [1][-]{section.6.2}{Visualising and Interacting with Sound}{chapter.6}% 72
\BOOKMARK [2][-]{subsection.6.2.1}{Timbre Spaces and Dimensionality Reduction Techniques}{section.6.2}% 73
\BOOKMARK [1][-]{section.6.3}{RhythmCAT}{chapter.6}% 74
\BOOKMARK [2][-]{subsection.6.3.1}{Identifying our Users}{section.6.3}% 75
\BOOKMARK [2][-]{subsection.6.3.2}{Real-time Challenges}{section.6.3}% 76
\BOOKMARK [2][-]{subsection.6.3.3}{Developing the System}{section.6.3}% 77
\BOOKMARK [0][-]{chapter.7}{Evaluation}{}% 78
\BOOKMARK [1][-]{section.7.1}{Introduction}{chapter.7}% 79
\BOOKMARK [1][-]{section.7.2}{System Evaluation}{chapter.7}% 80
\BOOKMARK [2][-]{subsection.7.2.1}{Evaluation and Experimental Design}{section.7.2}% 81
\BOOKMARK [1][-]{section.7.3}{User Experience Evaluation}{chapter.7}% 82
\BOOKMARK [0][-]{chapter.8}{Conclusions and Future Work}{}% 83
\BOOKMARK [0][-]{appendix.Alph1}{Publications by the Author}{}% 84
\BOOKMARK [0][-]{appendix.Alph2}{Listening Survey Web Tool}{}% 85
\BOOKMARK [0][-]{appendix.Alph3}{Resources}{}% 86
\BOOKMARK [0][-]{appendix.Alph4}{The PyConcat Library}{}% 87
\BOOKMARK [1][-]{section.Alph4.1}{Description}{appendix.Alph4}% 88
\BOOKMARK [1][-]{section.Alph4.2}{API}{appendix.Alph4}% 89
\BOOKMARK [1][-]{section.Alph4.3}{Links}{appendix.Alph4}% 90
\BOOKMARK [0][-]{appendix.Alph5}{Related Applications}{}% 91
\BOOKMARK [1][-]{section.Alph5.1}{The Eear - Enhanced DJ Assistant}{appendix.Alph5}% 92
\BOOKMARK [1][-]{section.Alph5.2}{Atomix}{appendix.Alph5}% 93
\BOOKMARK [0][-]{appendix.Alph6}{Glossary}{}% 94
\BOOKMARK [1][-]{section.Alph6.1}{Acronyms}{appendix.Alph6}% 95
\BOOKMARK [0][-]{section*.139}{Bibliography}{}% 96
